[2025-07-22 18:59:02] INFO: Query complete
[2025-07-22 18:59:50] INFO: Query complete
[2025-07-22 19:01:43] INFO: Query complete
[2025-07-22 19:05:23] INFO: Query complete
[2025-07-22 19:05:24] INFO: Query complete
[2025-07-22 19:06:49] INFO: Query complete
[2025-07-22 19:14:19] INFO: Query complete
[2025-07-22 19:15:13] INFO: Query complete
[2025-07-22 19:15:27] INFO: Query complete
[2025-07-22 19:16:42] INFO: Query complete
[2025-07-22 19:17:18] INFO: Query complete
[2025-07-22 20:41:48] INFO: Query complete
[2025-07-22 20:41:49] INFO: Query complete
[2025-07-22 20:43:59] INFO: Query complete
[2025-07-22 20:45:27] INFO: Query complete
[2025-07-22 20:48:29] INFO: Query complete
[2025-07-22 20:48:30] INFO: Query complete
[2025-07-22 20:52:29] INFO: Query complete
[2025-07-22 20:56:25] INFO: Query complete
[2025-07-22 20:56:26] INFO: Query complete
[2025-07-22 21:11:01] INFO: Query complete
[2025-07-22 21:11:02] INFO: Query complete
[2025-07-23 09:54:49] INFO: Query complete
[2025-07-23 09:54:50] INFO: Query complete
[2025-07-23 19:53:58] INFO: Query complete
[2025-07-23 20:10:56] INFO: Query complete
[2025-07-23 20:11:40] INFO: Query complete
[2025-07-23 20:12:19] INFO: Query complete
[2025-07-23 20:12:19] INFO: Query complete
[2025-07-24 15:50:43] INFO: car created successfully:
[2025-07-24 16:08:07] INFO: car created successfully:
[2025-07-24 16:11:49] INFO: car created successfully:
[2025-07-24 16:28:47] INFO: car created successfully:
[2025-07-24 16:28:48] INFO: car created successfully:
[2025-07-24 16:29:53] INFO: car created successfully:
[2025-07-24 16:31:48] INFO: car created successfully:
[2025-07-24 16:46:39] INFO: car created successfully:
[2025-07-24 16:49:11] INFO: car created successfully:
[2025-07-24 16:50:10] INFO: car created successfully:
[2025-07-24 16:57:28] INFO: car created successfully:
[2025-07-24 16:59:15] INFO: car created successfully:
[2025-07-24 17:01:40] INFO: car created successfully:
[2025-07-24 17:02:19] INFO: car created successfully:
[2025-07-24 17:02:22] INFO: car created successfully:
[2025-07-24 17:03:14] INFO: car created successfully:
[2025-07-24 17:04:14] INFO: car created successfully:
[2025-07-24 17:05:05] INFO: car created successfully:
[2025-07-24 17:07:49] INFO: car created successfully:
[2025-07-24 17:08:52] INFO: car created successfully:
[2025-07-24 17:14:32] INFO: car created successfully:
[2025-07-24 17:15:41] INFO: car created successfully:
[2025-07-24 17:24:07] INFO: car created successfully:
[2025-07-24 17:26:07] INFO: car created successfully:
[2025-07-24 17:26:45] INFO: car created successfully:
[2025-07-24 18:36:01] INFO: car created successfully:
[2025-07-25 14:54:47] INFO: Query complete
[2025-07-25 14:55:26] INFO: Query complete
[2025-07-25 14:55:41] INFO: Query complete
[2025-07-25 14:55:41] INFO: Query complete
[2025-07-25 14:56:07] INFO: Query complete
[2025-07-25 14:56:08] INFO: Query complete
[2025-07-25 14:56:28] INFO: Query complete
[2025-07-25 14:56:29] INFO: Query complete
[2025-07-25 14:56:48] INFO: Query complete
[2025-07-25 14:56:49] INFO: Query complete
[2025-07-25 14:58:11] INFO: Query complete
[2025-07-25 15:01:45] INFO: Query complete
[2025-07-25 15:01:50] INFO: Query complete
[2025-07-25 15:56:16] INFO: Query complete
[2025-07-25 16:03:26] INFO: car created successfully:
[2025-07-25 16:04:59] INFO: car created successfully:
[2025-07-25 16:11:47] INFO: car created successfully:
[2025-07-25 16:27:26] INFO: Car created successfully
[2025-07-25 16:35:35] INFO: Car created successfully
[2025-07-25 16:40:39] INFO: Car created successfully
[2025-07-26 15:43:44] INFO: User registered successfully: raoh2651@gmail.com
[2025-07-26 15:43:59] INFO: Login successful: raoh2651@gmail.com
[2025-07-26 15:44:48] INFO: Login successful: raoh2651@gmail.com
[2025-07-26 15:44:52] INFO: Query complete
[2025-07-26 15:44:53] INFO: Query complete
[2025-07-26 15:46:36] INFO: Query complete
[2025-07-26 15:50:14] INFO: User registered successfully: 123@gmail.com
[2025-07-26 15:51:14] INFO: User already exists: 123@gmail.com
[2025-07-26 15:51:24] INFO: User registered successfully: 1237675@gmail.com
[2025-07-26 15:51:52] INFO: Login successful: 123@gmail.com
[2025-07-26 15:51:53] INFO: Query complete
[2025-07-26 15:51:53] INFO: Query complete
[2025-07-26 16:03:06] INFO: Car created successfully
[2025-07-26 16:40:43] INFO: Login successful: raoh2651@gmail.com
[2025-07-26 16:40:45] INFO: Query complete
[2025-07-26 16:40:46] INFO: Query complete
[2025-07-26 16:41:32] INFO: Query complete
[2025-07-26 16:41:42] INFO: Query complete
[2025-07-26 16:41:58] INFO: Login successful: raoh2651@gmail.com
[2025-07-26 16:41:59] INFO: Query complete
[2025-07-26 16:42:00] INFO: Query complete
[2025-07-26 16:42:36] INFO: Query complete
[2025-07-26 16:44:05] INFO: Query complete
[2025-07-26 16:44:09] INFO: Query complete
[2025-07-26 16:46:15] INFO: Query complete
[2025-07-26 16:46:18] INFO: Query complete
[2025-07-26 16:46:38] INFO: Query complete
[2025-07-26 16:47:01] INFO: Query complete
[2025-07-26 16:48:29] INFO: Query complete
[2025-07-26 16:50:10] INFO: Query complete
[2025-07-26 16:52:33] INFO: Query complete
[2025-07-26 16:52:47] INFO: Query complete
[2025-07-26 16:54:48] INFO: Query complete
[2025-07-26 16:56:02] INFO: Query complete
[2025-07-26 17:04:49] INFO: Login successful: raoh2651@gmail.com
[2025-07-26 17:04:51] INFO: Query complete
[2025-07-26 17:04:52] INFO: Query complete
[2025-07-26 17:29:40] INFO: User registered successfully: mh04359@gmail.com
[2025-07-26 17:36:41] INFO: Login successful: mh04359@gmail.com
[2025-07-26 18:49:25] INFO: Query complete
[2025-07-26 18:57:43] WARN: Login failed - wrong password for email: raoh2651@gmail.com
[2025-07-26 19:05:00] WARN: Login failed - wrong password for email: raoh2651@gmail.com
[2025-07-26 19:05:16] WARN: Login failed - wrong password for email: raoh2651@gmail.com
[2025-07-26 19:05:27] WARN: Login failed - wrong password for email: raoh2651@gmail.com
[2025-07-26 19:06:22] WARN: Login failed - wrong password for email: raoh2651@gmail.com
[2025-07-26 19:06:59] WARN: Login failed - wrong password for email: raoh2651@gmail.com
[2025-07-26 19:07:09] WARN: Login failed - wrong password for email: raoh2651@gmail.com
[2025-07-26 19:08:18] WARN: Login failed - wrong password for email: raoh2651@gmail.com
[2025-07-26 19:08:32] WARN: Login failed - wrong password for email: raoh2651@gmail.com
[2025-07-26 19:09:37] WARN: Login failed - wrong password for email: raoh2651@gmail.com
[2025-07-26 19:11:17] WARN: Login failed - wrong password for email: raoh2651@gmail.com
[2025-07-26 19:11:27] WARN: Login failed - wrong password for email: raoh2651@gmail.com
[2025-07-26 19:11:55] WARN: Login failed - wrong password for email: raoh2651@gmail.com
[2025-07-26 19:13:54] WARN: Login failed - wrong password for email: raoh2651@gmail.com
[2025-07-26 19:16:23] INFO: User already exists: 123@gmail.com
[2025-07-27 14:42:52] INFO: Login successful: raoh2651@gmail.com
[2025-07-27 14:42:54] INFO: Query complete
[2025-07-27 14:42:54] INFO: Query complete
[2025-07-27 14:43:07] INFO: Query complete
[2025-07-27 15:06:18] INFO: Query complete
[2025-07-27 16:22:57] INFO: Login successful: raoh2651@gmail.com
[2025-07-27 16:22:59] INFO: Query complete
[2025-07-27 16:23:00] INFO: Query complete
[2025-07-27 16:23:11] WARN: Login failed - wrong password for email: raoh2651@gmail.com
[2025-07-27 16:27:37] INFO: Login successful: raoh2651@gmail.com
[2025-07-27 16:27:40] INFO: Query complete
[2025-07-27 16:27:41] INFO: Query complete
[2025-07-27 16:43:33] INFO: Login successful: raoh2651@gmail.com
[2025-07-27 16:43:34] INFO: Login successful: raoh2651@gmail.com
[2025-07-27 16:43:35] INFO: Query complete
[2025-07-27 16:43:36] INFO: Query complete
[2025-07-27 16:45:48] INFO: Login successful: raoh2651@gmail.com
[2025-07-27 16:45:50] INFO: Login successful: raoh2651@gmail.com
[2025-07-27 16:45:50] INFO: Query complete
[2025-07-27 16:45:50] INFO: Query complete
[2025-07-27 16:46:09] INFO: Login successful: raoh2651@gmail.com
[2025-07-27 16:46:09] INFO: Login successful: raoh2651@gmail.com
[2025-07-27 16:46:17] INFO: Query complete
[2025-07-27 16:46:17] INFO: Login successful: raoh2651@gmail.com
[2025-07-27 16:46:18] INFO: Query complete
[2025-07-27 16:52:07] INFO: Login successful: raoh2651@gmail.com
[2025-07-27 16:52:09] INFO: Query complete
[2025-07-27 16:52:10] INFO: Query complete
[2025-07-27 17:21:46] INFO: Login successful: raoh2651@gmail.com
[2025-07-27 17:21:51] INFO: Query complete
[2025-07-27 17:21:52] INFO: Query complete
[2025-07-27 17:21:58] INFO: Query complete
[2025-07-27 17:22:55] INFO: Query complete
[2025-07-27 17:22:55] INFO: Query complete
[2025-07-27 17:23:39] INFO: Login successful: raoh2651@gmail.com
[2025-07-27 17:23:41] INFO: Query complete
[2025-07-27 17:23:42] INFO: Query complete
[2025-07-28 10:53:04] INFO: Query complete
[2025-07-28 10:54:06] INFO: User registered successfully: ah7546305@gmail.com
[2025-07-28 11:26:03] INFO: Query complete
[2025-07-28 11:27:13] INFO: Query complete
[2025-07-28 13:46:06] INFO: Login successful: raoh2651@gmail.com
[2025-07-28 13:46:09] INFO: Query complete
[2025-07-28 13:46:09] INFO: Query complete
[2025-07-28 14:09:54] INFO: Query complete
[2025-07-28 14:19:54] INFO: User registered successfully: raoh2652@gmail.com
[2025-07-28 14:20:13] INFO: Login successful: raoh2652@gmail.com
[2025-07-28 14:20:15] INFO: Query complete
[2025-07-28 14:20:16] INFO: Query complete
[2025-07-28 14:21:24] INFO: Login successful: raoh2652@gmail.com
[2025-07-28 14:21:25] INFO: Query complete
[2025-07-28 14:21:26] INFO: Query complete
[2025-07-28 14:22:18] INFO: Query complete
[2025-07-28 14:28:54] ERROR: Register attempt without email or password or name
[2025-07-28 14:43:29] INFO: Query complete
[2025-07-29 13:58:28] INFO: Query complete
[2025-07-29 13:58:30] INFO: Query complete
[2025-07-29 14:08:38] INFO: Query complete
[2025-07-29 14:08:39] INFO: Query complete
[2025-07-29 14:09:35] INFO: User already exists: ah7546305@gmail.com
[2025-07-29 14:10:38] INFO: User already exists: ah7546305@gmail.com
[2025-07-29 14:11:00] WARN: Login failed - wrong password for email: ah7546305@gmail.com
[2025-07-29 14:12:03] INFO: User registered successfully: ah7546305@gmail.com
[2025-07-29 14:12:50] INFO: Login successful: ah7546305@gmail.com
[2025-07-29 14:12:56] INFO: Query complete
[2025-07-29 14:12:57] INFO: Query complete
[2025-07-29 14:28:11] INFO: Login successful: raoh2651@gmail.com
[2025-07-29 14:28:13] INFO: Query complete
[2025-07-29 14:28:13] INFO: Query complete
[2025-07-29 14:28:20] INFO: Query complete
[2025-07-29 14:28:20] INFO: Query complete
[2025-07-29 14:29:51] INFO: Login successful: ah7546305@gmail.com
[2025-07-29 14:29:55] INFO: Query complete
[2025-07-29 14:29:56] INFO: Query complete
[2025-07-29 14:35:44] INFO: Login successful: raoh2651@gmail.com
[2025-07-29 14:35:47] INFO: Query complete
[2025-07-29 14:35:48] INFO: Query complete
[2025-07-29 14:35:53] INFO: Query complete
[2025-07-29 14:37:22] INFO: Login successful: raoh2651@gmail.com
[2025-07-29 14:37:23] INFO: Query complete
[2025-07-29 14:37:23] INFO: Query complete
[2025-07-29 14:37:30] INFO: Query complete
[2025-07-29 14:38:30] INFO: Query complete
[2025-07-29 14:38:59] INFO: Login successful: raoh2651@gmail.com
[2025-07-29 14:39:01] INFO: Query complete
[2025-07-29 14:39:02] INFO: Query complete
[2025-07-29 14:39:09] INFO: Query complete
[2025-07-29 14:42:33] INFO: Login successful: raoh2651@gmail.com
[2025-07-29 14:42:36] INFO: Query complete
[2025-07-29 14:42:37] INFO: Query complete
[2025-07-29 14:45:15] INFO: Query complete
[2025-07-29 14:49:14] INFO: Query complete
[2025-07-29 14:51:09] INFO: Query complete
[2025-07-29 14:59:29] INFO: Login successful: raoh2651@gmail.com
[2025-07-29 14:59:31] INFO: Login successful: raoh2651@gmail.com
[2025-07-29 14:59:32] INFO: Query complete
[2025-07-29 14:59:32] INFO: Query complete
[2025-07-29 14:59:41] INFO: Query complete
[2025-07-29 19:05:24] WARN: Login attempt without email or password
[2025-07-29 19:18:41] WARN: Login attempt without email or password
[2025-07-29 19:19:17] WARN: Login attempt without email or password
[2025-07-29 19:19:28] WARN: Login attempt without email or password
[2025-07-29 19:19:43] WARN: Login attempt without email or password
[2025-07-29 19:20:28] INFO: Login successful: raoh2651@gmail.com
[2025-07-29 19:20:30] INFO: Query complete
[2025-07-29 19:20:32] INFO: Query complete
[2025-07-29 19:22:25] INFO: Query complete
[2025-07-29 19:23:22] INFO: Query complete
[2025-07-29 19:23:37] INFO: Login successful: raoh2651@gmail.com
[2025-07-29 19:23:39] INFO: Query complete
[2025-07-29 19:23:40] INFO: Query complete
[2025-07-29 19:23:53] INFO: Query complete
[2025-07-29 19:25:06] WARN: Login attempt without email or password
[2025-07-29 19:25:28] WARN: Login attempt without email or password
[2025-07-29 19:25:28] WARN: Login attempt without email or password
[2025-07-29 19:25:49] WARN: Login attempt without email or password
[2025-07-29 19:25:49] WARN: Login attempt without email or password
[2025-07-29 19:26:32] INFO: Login successful: raoh2651@gmail.com
[2025-07-29 19:26:34] INFO: Query complete
[2025-07-29 19:26:34] INFO: Query complete
[2025-07-29 19:26:37] WARN: Login attempt without email or password
[2025-07-29 19:26:37] WARN: Login attempt without email or password
[2025-07-29 19:26:40] WARN: Login attempt without email or password
[2025-07-29 19:35:50] INFO: Login successful: raoh2651@gmail.com
[2025-07-29 19:35:52] INFO: Query complete
[2025-07-29 19:35:52] INFO: Query complete
[2025-07-29 19:42:58] INFO: Query complete
[2025-07-29 19:49:24] INFO: Login successful: raoh2651@gmail.com
[2025-07-29 19:49:26] INFO: Query complete
[2025-07-29 19:49:27] INFO: Query complete
[2025-07-29 19:49:45] WARN: Login attempt without email or password
[2025-07-29 19:49:45] WARN: Login attempt without email or password
[2025-07-29 20:01:19] INFO: Login successful: raoh2651@gmail.com
[2025-07-29 20:01:20] INFO: Query complete
[2025-07-29 20:01:21] INFO: Query complete
[2025-07-29 20:01:58] INFO: Query complete
[2025-07-29 20:02:32] WARN: Login attempt without email or password
[2025-07-29 20:02:34] WARN: Login attempt without email or password
[2025-07-29 20:04:44] INFO: Query complete
[2025-07-29 20:20:35] INFO: Login successful: raoh2651@gmail.com
[2025-07-29 20:20:38] INFO: Query complete
[2025-07-29 20:20:39] INFO: Query complete
[2025-07-29 20:20:57] INFO: Query complete
[2025-07-29 20:22:11] INFO: Query complete
[2025-07-29 20:22:28] INFO: Login successful: raoh2651@gmail.com
[2025-07-29 20:22:29] INFO: Query complete
[2025-07-29 20:22:29] INFO: Query complete
[2025-07-29 20:24:40] INFO: Login successful: raoh2651@gmail.com
[2025-07-29 20:24:42] INFO: Query complete
[2025-07-29 20:24:43] INFO: Query complete
[2025-07-29 20:24:47] INFO: Query complete
[2025-07-29 20:27:11] INFO: Login successful: raoh2651@gmail.com
[2025-07-29 20:27:12] INFO: Query complete
[2025-07-29 20:27:12] INFO: Query complete
[2025-07-29 20:28:26] INFO: Login successful: raoh2651@gmail.com
[2025-07-29 20:28:27] INFO: Query complete
[2025-07-29 20:28:28] INFO: Query complete
[2025-07-29 20:32:06] INFO: Login successful: raoh2651@gmail.com
[2025-07-29 20:32:08] INFO: Query complete
[2025-07-29 20:32:09] INFO: Query complete
[2025-07-29 20:32:15] INFO: Query complete
[2025-07-29 20:34:48] INFO: Query complete
[2025-07-29 20:35:02] INFO: Login successful: raoh2651@gmail.com
[2025-07-29 20:35:03] INFO: Query complete
[2025-07-29 20:35:04] INFO: Query complete
[2025-07-29 20:35:13] INFO: Query complete
[2025-07-29 20:38:23] INFO: Query complete
[2025-07-29 20:38:43] INFO: Login successful: raoh2651@gmail.com
[2025-07-29 20:38:44] INFO: Query complete
[2025-07-29 20:38:45] INFO: Query complete
[2025-07-29 20:41:51] INFO: Query complete
[2025-07-29 20:43:02] INFO: Login successful: raoh2651@gmail.com
[2025-07-29 20:43:03] INFO: Query complete
[2025-07-29 20:43:04] INFO: Query complete
[2025-07-29 20:45:31] INFO: Query complete
[2025-07-29 20:45:44] INFO: Login successful: raoh2651@gmail.com
[2025-07-29 20:45:54] INFO: Login successful: raoh2651@gmail.com
[2025-07-29 20:47:24] INFO: Login successful: raoh2651@gmail.com
[2025-07-29 20:47:25] INFO: Query complete
[2025-07-29 20:47:25] INFO: Query complete
[2025-07-29 20:48:13] INFO: Query complete
[2025-07-29 20:54:48] INFO: User logged in: raoh2651@gmail.com
[2025-07-29 20:54:50] INFO: Query complete
[2025-07-29 20:54:52] INFO: Query complete
[2025-07-29 20:56:10] WARN: Invalid token provided
[2025-07-29 21:02:33] WARN: Invalid token provided
[2025-07-29 21:06:52] INFO: User logged in: raoh2651@gmail.com
[2025-07-29 21:06:56] INFO: Team members fetched successfully
[2025-07-29 21:06:57] INFO: Team members fetched successfully
[2025-07-29 21:12:54] WARN: Create team member failed - validation error
[2025-07-29 21:13:35] WARN: Create team member failed - validation error
[2025-07-29 21:20:13] WARN: Create team member failed - validation error
[2025-07-29 21:22:06] WARN: Update team member failed - validation error
[2025-07-29 21:23:18] INFO: User logged in: raoh2651@gmail.com
[2025-07-29 21:23:20] INFO: Team members fetched successfully
[2025-07-29 21:23:21] INFO: Team members fetched successfully
[2025-07-29 21:26:27] INFO: Team members fetched successfully
[2025-07-29 21:26:28] INFO: Token verified
[2025-07-29 21:27:20] INFO: User registered: lmno@gmail.com
[2025-07-29 21:29:06] INFO: Token verified
[2025-07-29 21:29:08] INFO: Token verified
[2025-07-30 10:21:32] INFO: User logged in: raoh2651@gmail.com
[2025-07-30 10:21:35] INFO: Team members fetched successfully
[2025-07-30 10:21:36] INFO: Team members fetched successfully
[2025-07-30 10:32:28] INFO: Team members fetched successfully
[2025-07-30 10:32:30] INFO: Token verified
[2025-07-30 10:33:22] INFO: Token verified
[2025-07-30 10:46:36] WARN: Invalid token provided
[2025-07-30 10:52:35] WARN: Invalid token provided
[2025-07-30 11:00:08] INFO: User logged in: raoh2651@gmail.com
[2025-07-30 11:00:09] INFO: Team members fetched successfully
[2025-07-30 11:00:10] INFO: Team members fetched successfully
[2025-07-30 11:20:05] INFO: OTP sent to raoh2651@gmail.com
[2025-07-30 11:20:35] INFO: OTP sent to raoh2651@gmail.com
[2025-07-30 11:31:49] INFO: OTP sent to raoh2651@gmail.com
[2025-07-30 12:25:59] INFO: OTP sent to raoh2651@gmail.com
[2025-07-30 12:52:43] WARN: Token is missing in authorization header
[2025-07-30 12:53:26] WARN: Token is missing in authorization header
[2025-07-30 12:54:17] WARN: Token is missing in authorization header
[2025-07-30 12:54:17] WARN: Token is missing in authorization header
[2025-07-30 12:54:18] INFO: OTP sent to raoh2651@gmail.com
[2025-07-30 12:57:52] WARN: Token is missing in authorization header
[2025-07-30 12:57:52] WARN: Token is missing in authorization header
[2025-07-30 12:57:53] INFO: OTP sent to raoh2651@gmail.com
[2025-07-30 13:00:51] INFO: OTP sent to raoh2651@gmail.com
[2025-07-30 13:01:25] WARN: Invalid OTP validation data
[2025-07-30 13:09:42] INFO: Password reset successfully for raoh2651@gmail.com
[2025-07-30 13:12:53] INFO: OTP sent to raoh2651@gmail.com
[2025-07-30 13:14:47] INFO: OTP sent to raoh2651@gmail.com
[2025-07-30 13:15:09] WARN: Invalid OTP validation data
[2025-07-30 13:15:42] WARN: Invalid OTP validation data
[2025-07-30 13:15:58] INFO: OTP sent to raoh2651@gmail.com
[2025-07-30 13:16:13] WARN: Invalid OTP validation data
[2025-07-30 13:17:56] INFO: OTP sent to raoh2651@gmail.com
[2025-07-30 13:18:09] WARN: Invalid OTP validation data
[2025-07-30 13:20:12] INFO: OTP sent to raoh2651@gmail.com
[2025-07-30 13:21:10] INFO: OTP validated, token issued for raoh2651@gmail.com
[2025-07-30 13:21:41] WARN: Invalid OTP attempt for raoh2651@gmail.com
[2025-07-30 13:22:04] INFO: OTP validated, token issued for raoh2651@gmail.com
[2025-07-30 13:23:16] WARN: Invalid token provided
[2025-07-30 13:25:38] WARN: Invalid token provided
[2025-07-30 13:25:38] WARN: Invalid token provided
[2025-07-30 13:27:04] INFO: User registered: tesasva@gmail.com
[2025-07-30 14:12:38] WARN: Token is missing in authorization header
[2025-07-30 14:12:44] INFO: Token verified
[2025-07-30 14:13:11] INFO: Token verified
[2025-07-30 14:13:12] WARN: Token is missing in authorization header
[2025-07-30 14:14:02] INFO: Token verified
[2025-07-30 14:14:02] WARN: Token is missing in authorization header
[2025-07-30 14:14:27] INFO: Token verified
[2025-07-30 14:14:31] WARN: Token is missing in authorization header
[2025-07-30 14:14:31] INFO: Token verified
[2025-07-30 14:17:38] INFO: Token verified
[2025-07-30 14:17:39] WARN: Token is missing in authorization header
[2025-07-30 14:18:42] WARN: Token is missing in authorization header
[2025-07-30 14:19:25] WARN: Token is missing in authorization header
[2025-07-30 14:21:04] WARN: Token is invalid or expired
[2025-07-30 14:21:23] WARN: Token is invalid or expired
[2025-07-30 14:21:37] INFO: OTP sent to raoh2651@gmail.com
[2025-07-30 14:23:08] INFO: OTP sent to raoh2651@gmail.com
[2025-07-30 14:23:50] INFO: OTP sent to raoh2651@gmail.com
[2025-07-30 14:25:08] INFO: OTP sent to raoh2651@gmail.com
[2025-07-30 14:25:11] WARN: Token is invalid or expired
[2025-07-30 14:25:11] WARN: Token is invalid or expired
[2025-07-30 14:28:13] INFO: OTP sent to raoh2651@gmail.com
[2025-07-30 14:28:45] INFO: OTP sent to raoh2651@gmail.com
[2025-07-30 14:28:49] WARN: Token is invalid or expired
[2025-07-30 14:28:49] WARN: Token is invalid or expired
[2025-07-30 14:30:13] INFO: OTP sent to raoh2651@gmail.com
[2025-07-30 14:30:15] WARN: Token is invalid or expired
[2025-07-30 14:30:15] WARN: Token is invalid or expired
[2025-07-30 14:31:40] INFO: OTP sent to raoh2651@gmail.com
[2025-07-30 14:31:43] WARN: Token is invalid or expired
[2025-07-30 14:31:44] WARN: Token is invalid or expired
[2025-07-30 14:33:08] INFO: OTP sent to raoh2651@gmail.com
[2025-07-30 14:33:10] WARN: Token is invalid or expired
[2025-07-30 14:33:11] WARN: Token is invalid or expired
[2025-07-30 14:34:53] INFO: OTP sent to raoh2651@gmail.com
[2025-07-30 14:35:04] INFO: OTP sent to raoh2651@gmail.com
[2025-07-30 14:35:56] INFO: OTP sent to raoh2651@gmail.com
[2025-07-30 14:35:58] WARN: Token is invalid or expired
[2025-07-30 14:35:58] WARN: Token is invalid or expired
[2025-07-30 14:51:29] INFO: OTP sent to raoh2651@gmail.com
[2025-07-30 14:51:32] WARN: Token is invalid or expired
[2025-07-30 14:51:33] WARN: Token is invalid or expired
[2025-07-30 14:52:31] INFO: OTP sent to raoh2651@gmail.com
[2025-07-30 14:52:33] WARN: Token is invalid or expired
[2025-07-30 14:52:34] WARN: Token is invalid or expired
[2025-07-30 14:55:39] INFO: OTP sent to raoh2651@gmail.com
[2025-07-30 14:55:42] INFO: Token verified
[2025-07-30 14:55:43] INFO: Token verified
[2025-07-30 14:56:12] INFO: OTP validated, token issued for raoh2651@gmail.com
[2025-07-30 14:56:15] WARN: Token is invalid or expired
[2025-07-30 14:56:16] WARN: Token is invalid or expired
[2025-07-30 14:58:21] INFO: OTP sent to raoh2651@gmail.com
[2025-07-30 14:58:26] INFO: Token verified
[2025-07-30 14:58:46] INFO: OTP validated, token issued for raoh2651@gmail.com
[2025-07-30 14:58:50] INFO: Token verified
[2025-07-30 14:58:51] INFO: Token verified
[2025-07-30 15:02:34] INFO: Token verified
[2025-07-30 15:04:28] INFO: OTP sent to raoh2651@gmail.com
[2025-07-30 15:04:32] INFO: Token verified
[2025-07-30 15:04:42] INFO: OTP validated, token issued for raoh2651@gmail.com
[2025-07-30 15:04:47] INFO: Token verified
[2025-07-30 15:15:47] INFO: Token verified
[2025-07-30 15:16:43] INFO: Token verified
[2025-07-30 15:16:43] WARN: Invalid token provided
[2025-07-30 15:17:57] INFO: Token verified
[2025-07-30 15:18:17] INFO: Token verified
[2025-07-30 15:18:17] WARN: Invalid token provided
[2025-07-30 15:19:28] INFO: OTP sent to raoh2651@gmail.com
[2025-07-30 15:19:31] INFO: Token verified
[2025-07-30 15:22:57] INFO: OTP sent to raoh2651@gmail.com
[2025-07-30 15:23:01] INFO: Token verified
[2025-07-30 15:36:57] INFO: Token verified
[2025-07-30 15:37:22] INFO: Token verified
[2025-07-30 15:43:36] INFO: Token verified
[2025-07-30 15:43:36] INFO: Token verified
[2025-07-30 15:45:04] WARN: Invalid token provided
[2025-07-30 15:45:04] WARN: Invalid token provided
[2025-07-30 15:52:50] WARN: Invalid token provided
[2025-07-30 15:52:50] WARN: Invalid token provided
[2025-07-30 15:54:28] INFO: OTP sent to raoh2651@gmail.com
[2025-07-30 15:54:29] INFO: Token verified
[2025-07-30 15:55:48] INFO: OTP sent to raoh2651@gmail.com
[2025-07-30 15:55:51] INFO: Token verified
[2025-07-30 15:59:21] INFO: OTP sent to raoh2651@gmail.com
[2025-07-30 15:59:25] INFO: Token verified
[2025-07-30 15:59:49] INFO: OTP validated, token issued for raoh2651@gmail.com
[2025-07-30 15:59:52] INFO: Token verified
[2025-07-30 16:51:45] INFO: OTP sent to raoh2651@gmail.com
[2025-07-30 17:00:23] INFO: OTP sent to raoh2651@gmail.com
[2025-07-30 17:00:27] INFO: Token verified
[2025-07-30 17:05:46] INFO: OTP sent to raoh2651@gmail.com
[2025-07-30 17:05:53] INFO: Token verified
[2025-07-30 17:09:17] INFO: OTP sent to raoh2651@gmail.com
[2025-07-30 17:11:26] INFO: OTP sent to raoh2651@gmail.com
[2025-07-30 17:11:32] INFO: Token verified
[2025-07-30 17:18:38] INFO: OTP sent to raoh2651@gmail.com
[2025-07-30 17:18:43] INFO: Token verified
[2025-07-30 17:19:15] WARN: Invalid OTP validation data
[2025-07-30 17:19:59] INFO: OTP sent to raoh2651@gmail.com
[2025-07-30 17:20:06] INFO: Token verified
[2025-07-30 17:20:42] WARN: Invalid OTP validation data
[2025-07-30 17:21:29] INFO: OTP sent to raoh2651@gmail.com
[2025-07-30 17:21:34] INFO: Token verified
[2025-07-30 17:21:55] WARN: Invalid OTP validation data
[2025-07-30 17:23:09] INFO: OTP sent to raoh2651@gmail.com
[2025-07-30 17:23:52] INFO: OTP sent to raoh2651@gmail.com
[2025-07-30 17:23:54] INFO: Token verified
[2025-07-30 17:24:19] WARN: Invalid OTP validation data
[2025-07-30 17:26:22] INFO: OTP sent to raoh2651@gmail.com
[2025-07-30 17:26:26] INFO: Token verified
[2025-07-30 17:26:47] WARN: Invalid OTP validation data
[2025-07-30 17:30:48] INFO: OTP sent to raoh2651@gmail.com
[2025-07-30 17:30:51] INFO: Token verified
[2025-07-30 17:31:06] WARN: Token is missing
[2025-07-30 18:38:56] INFO: OTP sent to raoh2651@gmail.com
[2025-07-30 18:39:00] INFO: Token verified
[2025-07-30 18:40:29] INFO: OTP sent to raoh2651@gmail.com
[2025-07-30 18:40:38] INFO: Token verified
[2025-07-30 18:41:02] WARN: Token is missing
[2025-07-30 18:41:56] INFO: Token verified
[2025-07-30 18:47:20] INFO: OTP sent to raoh2651@gmail.com
[2025-07-30 18:47:22] INFO: Token verified
[2025-07-30 18:47:35] INFO: OTP validated, token issued for raoh2651@gmail.com
[2025-07-30 18:54:21] INFO: OTP sent to raoh2651@gmail.com
[2025-07-30 18:54:22] INFO: Token verified
[2025-07-30 18:54:34] WARN: Invalid OTP attempt for raoh2651@gmail.com
[2025-07-30 18:55:31] INFO: OTP sent to raoh2651@gmail.com
[2025-07-30 18:55:32] INFO: Token verified
[2025-07-30 18:56:21] INFO: OTP validated, token issued for raoh2651@gmail.com
[2025-07-30 19:13:35] INFO: OTP sent to raoh2651@gmail.com
[2025-07-30 19:13:39] INFO: Token verified
[2025-07-30 19:13:55] INFO: OTP validated, token issued for raoh2651@gmail.com
[2025-07-30 19:14:00] INFO: Token verified
[2025-07-31 09:52:44] INFO: OTP sent to raoh2651@gmail.com
[2025-07-31 09:52:58] INFO: OTP sent to raoh2651@gmail.com
[2025-07-31 09:53:02] INFO: Token verified
[2025-07-31 09:55:00] INFO: Token verified
[2025-07-31 09:55:00] INFO: Token verified
[2025-07-31 09:55:18] WARN: OTP expired for raoh2651@gmail.com
[2025-07-31 09:55:45] INFO: OTP sent to raoh2651@gmail.com
[2025-07-31 09:55:47] INFO: Token verified
[2025-07-31 09:56:03] INFO: OTP validated, token issued for raoh2651@gmail.com
[2025-07-31 09:56:05] INFO: Token verified
[2025-07-31 09:57:58] INFO: OTP sent to raoh2651@gmail.com
[2025-07-31 09:58:02] INFO: Token verified
[2025-07-31 09:58:29] INFO: OTP validated, token issued for raoh2651@gmail.com
[2025-07-31 09:58:37] INFO: Token verified
[2025-07-31 09:59:26] INFO: Token verified
[2025-07-31 09:59:40] INFO: OTP sent to raoh2651@gmail.com
[2025-07-31 09:59:43] INFO: Token verified
[2025-07-31 09:59:59] INFO: OTP validated, token issued for raoh2651@gmail.com
[2025-07-31 10:00:01] INFO: Token verified
[2025-07-31 10:04:41] INFO: Token verified
[2025-07-31 10:04:42] INFO: Token verified
[2025-07-31 10:05:29] INFO: Token verified
[2025-07-31 10:05:35] INFO: Token verified
[2025-07-31 10:05:46] INFO: OTP sent to raoh2651@gmail.com
[2025-07-31 10:05:48] INFO: Token verified
[2025-07-31 10:06:12] INFO: OTP validated, token issued for raoh2651@gmail.com
[2025-07-31 10:06:14] INFO: Token verified
[2025-07-31 10:07:18] INFO: Token verified
[2025-07-31 10:07:25] INFO: OTP validated, token issued for raoh2651@gmail.com
[2025-07-31 10:07:28] INFO: Token verified
[2025-07-31 10:16:41] INFO: Token verified
[2025-07-31 10:16:41] INFO: Token verified
[2025-07-31 10:16:49] INFO: Token verified
[2025-07-31 10:17:04] INFO: OTP sent to raoh2651@gmail.com
[2025-07-31 10:17:07] INFO: Token verified
[2025-07-31 10:17:26] INFO: OTP validated, token issued for raoh2651@gmail.com
[2025-07-31 10:17:28] INFO: Token verified
[2025-07-31 10:24:14] INFO: OTP sent to raoh2651@gmail.com
[2025-07-31 10:24:21] INFO: Token verified
[2025-07-31 10:25:01] WARN: Invalid OTP attempt for raoh2651@gmail.com
[2025-07-31 10:25:26] INFO: OTP sent to raoh2651@gmail.com
[2025-07-31 10:25:32] INFO: Token verified
[2025-07-31 10:25:48] WARN: Invalid OTP attempt for raoh2651@gmail.com
[2025-07-31 10:26:12] INFO: OTP validated, token issued for raoh2651@gmail.com
[2025-07-31 10:26:19] INFO: Token verified
[2025-07-31 10:31:27] INFO: Token verified
[2025-07-31 10:31:44] INFO: OTP sent to raoh2651@gmail.com
[2025-07-31 10:31:50] INFO: Token verified
[2025-07-31 10:32:09] INFO: OTP validated, token issued for raoh2651@gmail.com
[2025-07-31 10:38:18] INFO: OTP sent to raoh2651@gmail.com
[2025-07-31 10:38:33] INFO: Token verified
[2025-07-31 10:38:53] INFO: OTP validated, token issued for raoh2651@gmail.com
[2025-07-31 10:40:58] INFO: OTP sent to raoh2651@gmail.com
[2025-07-31 10:41:58] INFO: OTP sent to raoh2651@gmail.com
[2025-07-31 10:42:09] INFO: Token verified
[2025-07-31 10:42:40] INFO: OTP validated, token issued for raoh2651@gmail.com
[2025-07-31 10:45:24] INFO: Team members fetched successfully
[2025-07-31 10:46:09] INFO: OTP sent to raoh2651@gmail.com
[2025-07-31 10:46:16] INFO: Token verified
[2025-07-31 10:46:31] INFO: OTP validated, token issued for raoh2651@gmail.com
[2025-07-31 10:46:35] INFO: Token verified
[2025-07-31 10:47:52] INFO: OTP sent to raoh2651@gmail.com
[2025-07-31 10:47:59] INFO: Token verified
[2025-07-31 10:48:20] INFO: OTP sent to raoh2651@gmail.com
[2025-07-31 10:48:34] INFO: Token verified
[2025-07-31 10:48:49] INFO: OTP validated, token issued for raoh2651@gmail.com
[2025-07-31 10:48:57] INFO: Token verified
[2025-07-31 10:49:42] INFO: Password reset successfully for raoh2651@gmail.com
[2025-07-31 10:52:52] WARN: Invalid token provided
[2025-07-31 10:52:52] WARN: Invalid token provided
[2025-07-31 10:54:36] WARN: Invalid token provided
[2025-07-31 10:54:38] WARN: Invalid token provided
[2025-07-31 10:56:10] WARN: Invalid token provided
[2025-07-31 10:59:03] WARN: Invalid token provided
[2025-07-31 11:06:57] INFO: Team members fetched successfully
[2025-07-31 11:07:22] WARN: Invalid token provided
[2025-07-31 11:08:31] WARN: Invalid token provided
[2025-07-31 11:08:32] WARN: Invalid token provided
[2025-07-31 11:08:39] INFO: Team members fetched successfully
[2025-07-31 11:19:35] INFO: Team members fetched successfully
[2025-07-31 11:20:18] INFO: Team members fetched successfully
[2025-07-31 11:23:10] INFO: Team members fetched successfully
[2025-07-31 11:26:24] INFO: Team members fetched successfully
[2025-07-31 11:26:33] INFO: All cars fetched
[2025-07-31 11:26:33] INFO: All cars fetched
[2025-07-31 11:28:46] INFO: Team members fetched successfully
[2025-07-31 12:09:25] INFO: All cars fetched
[2025-07-31 12:09:25] INFO: All cars fetched
[2025-07-31 12:15:09] WARN: Invalid token provided
[2025-07-31 12:15:09] WARN: Invalid token provided
[2025-07-31 12:22:28] INFO: User logged in: raoh2651@gmail.com
[2025-07-31 12:22:48] INFO: Team members fetched successfully
[2025-07-31 12:23:03] INFO: Team members fetched successfully
[2025-07-31 12:23:08] INFO: Team members fetched successfully
[2025-07-31 12:23:18] INFO: Team members fetched successfully
[2025-07-31 12:23:47] INFO: Team members fetched successfully
[2025-07-31 12:23:48] INFO: User logged in: raoh2651@gmail.com
[2025-07-31 12:23:49] INFO: Team members fetched successfully
[2025-07-31 12:23:49] INFO: Team members fetched successfully
[2025-07-31 14:47:07] INFO: All cars fetched
[2025-07-31 14:47:08] INFO: All cars fetched
[2025-07-31 15:02:15] WARN: Invalid registration data
[2025-07-31 15:03:12] WARN: Invalid login data
[2025-07-31 15:03:23] WARN: Invalid login data
[2025-07-31 15:05:00] WARN: Invalid registration data
[2025-07-31 15:05:17] WARN: Invalid registration data
[2025-07-31 15:06:00] WARN: Invalid registration data
[2025-07-31 15:06:21] WARN: Invalid registration data
[2025-07-31 16:00:05] WARN: Invalid registration data
[2025-07-31 23:30:09] ERROR: Error creating car: 
Invalid `prisma.carListing.create()` invocation in
E:\Merzacar web backend\src\controllers\carlisting.controllers.ts:150:44

  147   })
  148 );
  149 
→ 150 const newCar = await prisma.carListing.create(
Can't reach database server at `localhost:3306`

Please make sure your database server is running at `localhost:3306`.
[2025-07-31 23:30:52] ERROR: Error creating car: 
Invalid `prisma.carListing.create()` invocation in
E:\Merzacar web backend\src\controllers\carlisting.controllers.ts:150:44

  147   })
  148 );
  149 
→ 150 const newCar = await prisma.carListing.create(
Can't reach database server at `localhost:3306`

Please make sure your database server is running at `localhost:3306`.
[2025-07-31 23:31:25] INFO: Car created successfully
[2025-07-31 23:47:30] INFO: Car created successfully
[2025-07-31 23:54:27] INFO: Car created successfully
[2025-08-01 00:01:33] INFO: Car created successfully
[2025-08-01 10:12:21] INFO: Team members fetched successfully
[2025-08-01 10:17:50] INFO: User logged in: raoh2651@gmail.com
[2025-08-01 10:17:51] INFO: Team members fetched successfully
[2025-08-01 10:17:51] INFO: Team members fetched successfully
[2025-08-01 10:18:10] INFO: All cars fetched
[2025-08-01 10:18:10] INFO: All cars fetched
[2025-08-01 10:18:34] INFO: Token verified
[2025-08-01 10:20:10] INFO: Car created successfully
[2025-08-01 10:21:55] INFO: All cars fetched
[2025-08-01 10:21:55] INFO: All cars fetched
[2025-08-01 10:26:35] INFO: All cars fetched
[2025-08-01 10:26:36] INFO: Token verified
[2025-08-01 10:30:55] INFO: All cars fetched
[2025-08-01 10:30:55] INFO: Token verified
[2025-08-01 10:33:17] INFO: Token verified
[2025-08-01 10:34:44] INFO: Car created successfully
[2025-08-01 10:38:02] INFO: All cars fetched
[2025-08-01 10:38:02] INFO: All cars fetched
[2025-08-01 10:38:19] INFO: All cars fetched
[2025-08-01 10:41:04] INFO: All cars fetched
[2025-08-01 10:41:05] INFO: Token verified
[2025-08-01 10:42:21] INFO: All cars fetched
[2025-08-01 10:42:22] INFO: Token verified
[2025-08-01 10:44:55] INFO: All cars fetched
[2025-08-01 10:44:56] INFO: Token verified
[2025-08-01 10:46:05] INFO: Token verified
[2025-08-01 10:47:00] INFO: Car created successfully
[2025-08-01 10:56:25] INFO: All cars fetched
[2025-08-01 10:56:25] INFO: All cars fetched
[2025-08-01 11:02:35] INFO: All cars fetched
[2025-08-01 11:02:36] INFO: Token verified
[2025-08-01 11:06:44] INFO: All cars fetched
[2025-08-01 11:06:45] INFO: Token verified
[2025-08-01 11:07:08] INFO: All cars fetched
[2025-08-01 11:07:09] INFO: Token verified
[2025-08-01 11:12:47] INFO: All cars fetched
[2025-08-01 11:12:48] INFO: Token verified
[2025-08-01 11:15:37] INFO: All cars fetched
[2025-08-01 11:15:38] INFO: Token verified
